# JRE version: Java(TM) SE Runtime Environment (19.0.2+7) (build 19.0.2+7-44)
# Java VM: Java HotSpot(TM) 64-Bit Server VM (19.0.2+7-44, mixed mode, sharing, tiered, compressed oops, compressed class ptrs, g1 gc, windows-amd64)
GC Precious Log:
 CardTable entry size: 512
 Card Set container configuration: InlinePtr #cards 4 size 8 Array Of Cards #cards 16 size 48 Howl #buckets 8 coarsen threshold 3686 Howl Bitmap #cards 512 size 80 coarsen threshold 460 Card regions per heap region 1 cards per card region 4096
 CPUs: 8 total, 8 available
 Memory: 16336M
 Large Page Support: Disabled
 NUMA Support: Disabled
 Compressed Oops: Enabled (Zero based)
 Heap Region Size: 2M
 Heap Min Capacity: 8M
 Heap Initial Capacity: 256M
 Heap Max Capacity: 4086M
 Pre-touch: Disabled
 Parallel Workers: 8
 Concurrent Workers: 2
 Concurrent Refinement Workers: 8
 Periodic GC: Disabled
Heap:
 garbage-first heap   total 1110016K, used 414720K [0x0000000700a00000, 0x0000000800000000)
  region size 2048K, 24 young (49152K), 24 survivors (49152K)
 Metaspace       used 1119K, committed 1216K, reserved 1114112K
  class space    used 83K, committed 128K, reserved 1048576K
GC Heap History (20 events):
Event: 1.136 GC heap after
{Heap after GC invocations=4 (full 0):
 garbage-first heap   total 262144K, used 58376K [0x0000000700a00000, 0x0000000800000000)
  region size 2048K, 3 young (6144K), 3 survivors (6144K)
 Metaspace       used 795K, committed 896K, reserved 1114112K
  class space    used 51K, committed 128K, reserved 1048576K
}
Event: 1.383 GC heap before
{Heap before GC invocations=4 (full 0):
 garbage-first heap   total 262144K, used 97288K [0x0000000700a00000, 0x0000000800000000)
  region size 2048K, 22 young (45056K), 3 survivors (6144K)
 Metaspace       used 795K, committed 896K, reserved 1114112K
  class space    used 51K, committed 128K, reserved 1048576K
}
Event: 1.487 GC heap after
{Heap after GC invocations=5 (full 0):
 garbage-first heap   total 534528K, used 82453K [0x0000000700a00000, 0x0000000800000000)
  region size 2048K, 3 young (6144K), 3 survivors (6144K)
 Metaspace       used 795K, committed 896K, reserved 1114112K
  class space    used 51K, committed 128K, reserved 1048576K
}
Event: 1.876 GC heap before
{Heap before GC invocations=5 (full 0):
 garbage-first heap   total 534528K, used 113173K [0x0000000700a00000, 0x0000000800000000)
  region size 2048K, 18 young (36864K), 3 survivors (6144K)
 Metaspace       used 1075K, committed 1152K, reserved 1114112K
  class space    used 81K, committed 128K, reserved 1048576K
}
Event: 1.906 GC heap after
{Heap after GC invocations=6 (full 0):
 garbage-first heap   total 534528K, used 103988K [0x0000000700a00000, 0x0000000800000000)
  region size 2048K, 3 young (6144K), 3 survivors (6144K)
 Metaspace       used 1075K, committed 1152K, reserved 1114112K
  class space    used 81K, committed 128K, reserved 1048576K
}
Event: 10.647 GC heap before
{Heap before GC invocations=6 (full 0):
 garbage-first heap   total 534528K, used 124468K [0x0000000700a00000, 0x0000000800000000)
  region size 2048K, 13 young (26624K), 3 survivors (6144K)
 Metaspace       used 1096K, committed 1216K, reserved 1114112K
  class space    used 83K, committed 128K, reserved 1048576K
}
Event: 10.663 GC heap after
{Heap after GC invocations=7 (full 0):
 garbage-first heap   total 534528K, used 116200K [0x0000000700a00000, 0x0000000800000000)
  region size 2048K, 2 young (4096K), 2 survivors (4096K)
 Metaspace       used 1096K, committed 1216K, reserved 1114112K
  class space    used 83K, committed 128K, reserved 1048576K
}
Event: 10.810 GC heap before
{Heap before GC invocations=7 (full 0):
 garbage-first heap   total 534528K, used 148968K [0x0000000700a00000, 0x0000000800000000)
  region size 2048K, 18 young (36864K), 2 survivors (4096K)
 Metaspace       used 1097K, committed 1216K, reserved 1114112K
  class space    used 83K, committed 128K, reserved 1048576K
}
Event: 10.831 GC heap after
{Heap after GC invocations=8 (full 0):
 garbage-first heap   total 534528K, used 135168K [0x0000000700a00000, 0x0000000800000000)
  region size 2048K, 3 young (6144K), 3 survivors (6144K)
 Metaspace       used 1097K, committed 1216K, reserved 1114112K
  class space    used 83K, committed 128K, reserved 1048576K
}
Event: 11.044 GC heap before
{Heap before GC invocations=8 (full 0):
 garbage-first heap   total 534528K, used 169984K [0x0000000700a00000, 0x0000000800000000)
  region size 2048K, 20 young (40960K), 3 survivors (6144K)
 Metaspace       used 1098K, committed 1216K, reserved 1114112K
  class space    used 83K, committed 128K, reserved 1048576K
}
Event: 11.067 GC heap after
{Heap after GC invocations=9 (full 0):
 garbage-first heap   total 534528K, used 160123K [0x0000000700a00000, 0x0000000800000000)
  region size 2048K, 3 young (6144K), 3 survivors (6144K)
 Metaspace       used 1098K, committed 1216K, reserved 1114112K
  class space    used 83K, committed 128K, reserved 1048576K
}
Event: 11.404 GC heap before
{Heap before GC invocations=9 (full 0):
 garbage-first heap   total 534528K, used 213371K [0x0000000700a00000, 0x0000000800000000)
  region size 2048K, 29 young (59392K), 3 survivors (6144K)
 Metaspace       used 1105K, committed 1216K, reserved 1114112K
  class space    used 83K, committed 128K, reserved 1048576K
}
Event: 11.533 GC heap after
{Heap after GC invocations=10 (full 0):
 garbage-first heap   total 1110016K, used 196608K [0x0000000700a00000, 0x0000000800000000)
  region size 2048K, 4 young (8192K), 4 survivors (8192K)
 Metaspace       used 1105K, committed 1216K, reserved 1114112K
  class space    used 83K, committed 128K, reserved 1048576K
}
Event: 11.768 GC heap before
{Heap before GC invocations=10 (full 0):
 garbage-first heap   total 1110016K, used 243712K [0x0000000700a00000, 0x0000000800000000)
  region size 2048K, 27 young (55296K), 4 survivors (8192K)
 Metaspace       used 1107K, committed 1216K, reserved 1114112K
  class space    used 83K, committed 128K, reserved 1048576K
}
Event: 11.790 GC heap after
{Heap after GC invocations=11 (full 0):
 garbage-first heap   total 1110016K, used 231424K [0x0000000700a00000, 0x0000000800000000)
  region size 2048K, 4 young (8192K), 4 survivors (8192K)
 Metaspace       used 1107K, committed 1216K, reserved 1114112K
  class space    used 83K, committed 128K, reserved 1048576K
}
Event: 12.204 GC heap before
{Heap before GC invocations=11 (full 0):
 garbage-first heap   total 1110016K, used 331776K [0x0000000700a00000, 0x0000000800000000)
  region size 2048K, 53 young (108544K), 4 survivors (8192K)
 Metaspace       used 1109K, committed 1216K, reserved 1114112K
  class space    used 83K, committed 128K, reserved 1048576K
}
Event: 12.227 GC heap after
{Heap after GC invocations=12 (full 0):
 garbage-first heap   total 1110016K, used 276480K [0x0000000700a00000, 0x0000000800000000)
  region size 2048K, 7 young (14336K), 7 survivors (14336K)
 Metaspace       used 1109K, committed 1216K, reserved 1114112K
  class space    used 83K, committed 128K, reserved 1048576K
}
Event: 12.846 GC heap before
{Heap before GC invocations=12 (full 0):
 garbage-first heap   total 1110016K, used 514048K [0x0000000700a00000, 0x0000000800000000)
  region size 2048K, 123 young (251904K), 7 survivors (14336K)
 Metaspace       used 1113K, committed 1216K, reserved 1114112K
  class space    used 83K, committed 128K, reserved 1048576K
}
Event: 12.882 GC heap after
{Heap after GC invocations=13 (full 0):
 garbage-first heap   total 1110016K, used 345810K [0x0000000700a00000, 0x0000000800000000)
  region size 2048K, 16 young (32768K), 16 survivors (32768K)
 Metaspace       used 1113K, committed 1216K, reserved 1114112K
  class space    used 83K, committed 128K, reserved 1048576K
}
Event: 13.807 GC heap before
{Heap before GC invocations=13 (full 0):
 garbage-first heap   total 1110016K, used 693970K [0x0000000700a00000, 0x0000000800000000)
  region size 2048K, 186 young (380928K), 16 survivors (32768K)
 Metaspace       used 1119K, committed 1216K, reserved 1114112K
  class space    used 83K, committed 128K, reserved 1048576K
}

